<?xml version="1.0" encoding="utf-8"?><testsuites name="pytest tests"><testsuite name="pytest" errors="0" failures="1" skipped="0" tests="17" time="4.821" timestamp="2026-09-06T07:25:30.886814+00:00" hostname="agent-env-d90a8815-4910-477f-873e-240b1c76e2ea"><testcase classname="tests.test_spike_backend.TestAuth" name="test_login_success" time="0.550" /><testcase classname="tests.test_spike_backend.TestJobsCreate" name="test_create_returns_exact_address_to_owner" time="0.553" /><testcase classname="tests.test_spike_backend.TestAuth" name="test_login_missing_captcha" time="0.074" /><testcase classname="tests.test_spike_backend.TestJobsCreate" name="test_customer_cannot_claim" time="0.041" /><testcase classname="tests.test_spike_backend.TestAuth" name="test_login_short_captcha" time="0.265" /><testcase classname="tests.test_spike_backend.TestJobsCreate" name="test_available_jobs_hides_address" time="0.556" /><testcase classname="tests.test_spike_backend.TestAuth" name="test_register_new_user" time="0.300" /><testcase classname="tests.test_spike_backend.TestJobLifecycle" name="test_claim_book_lifecycle" time="0.913" /><testcase classname="tests.test_spike_backend.TestAuth" name="test_me" time="0.553" /><testcase classname="tests.test_spike_backend.TestAuth" name="test_unauthenticated_jobs" time="0.077" /><testcase classname="tests.test_spike_backend.TestConfig" name="test_config" time="0.076" /><testcase classname="tests.test_spike_backend.TestReviewsGuard" name="test_review_before_completion_400" time="0.157" /><testcase classname="tests.test_spike_backend.TestMessages" name="test_chat_locked_until_release" time="0.076"><failure message="assert ('24' in '{&quot;detail&quot;:&quot;chat opens after a handyman claims the job&quot;}' or 'before work time' in '{&quot;detail&quot;:&quot;chat opens after a handyman claims the job&quot;}')&#10; +  where '{&quot;detail&quot;:&quot;chat opens after a handyman claims the job&quot;}' = &lt;Response [400]&gt;.text&#10; +  and   '{&quot;detail&quot;:&quot;chat opens after a handyman claims the job&quot;}' = &lt;built-in method lower of str object at 0xfe468b57f600&gt;()&#10; +    where &lt;built-in method lower of str object at 0xfe468b57f600&gt; = '{&quot;detail&quot;:&quot;chat opens after a handyman claims the job&quot;}'.lower&#10; +      where '{&quot;detail&quot;:&quot;chat opens after a handyman claims the job&quot;}' = &lt;Response [400]&gt;.text">test_spike_backend.py:265: in test_chat_locked_until_release
    assert "24" in r.text or "before work time" in r.text.lower()
E   assert ('24' in '{"detail":"chat opens after a handyman claims the job"}' or 'before work time' in '{"detail":"chat opens after a handyman claims the job"}')
E    +  where '{"detail":"chat opens after a handyman claims the job"}' = &lt;Response [400]&gt;.text
E    +  and   '{"detail":"chat opens after a handyman claims the job"}' = &lt;built-in method lower of str object at 0xfe468b57f600&gt;()
E    +    where &lt;built-in method lower of str object at 0xfe468b57f600&gt; = '{"detail":"chat opens after a handyman claims the job"}'.lower
E    +      where '{"detail":"chat opens after a handyman claims the job"}' = &lt;Response [400]&gt;.text</failure></testcase><testcase classname="tests.test_spike_backend.TestJobLifecycle" name="test_evidence_required" time="1.380" /><testcase classname="tests.test_spike_backend.TestDispute" name="test_open_dispute" time="0.501" /><testcase classname="tests.test_spike_backend.TestAdmin" name="test_admin_stats" time="0.377" /><testcase classname="tests.test_spike_backend.TestAdmin" name="test_admin_suspend" time="0.648" /></testsuite></testsuites>