<?xml version="1.0" encoding="utf-8"?><testsuites name="pytest tests"><testsuite name="pytest" errors="0" failures="0" skipped="0" tests="17" time="4.603" timestamp="2026-09-06T07:00:58.479774+00:00" hostname="agent-env-d90a8815-4910-477f-873e-240b1c76e2ea"><testcase classname="tests.test_spike_backend.TestAuth" name="test_login_success" time="0.344" /><testcase classname="tests.test_spike_backend.TestAuth" name="test_login_missing_captcha" time="0.222" /><testcase classname="tests.test_spike_backend.TestAuth" name="test_login_short_captcha" time="0.076" /><testcase classname="tests.test_spike_backend.TestAuth" name="test_register_new_user" time="0.300" /><testcase classname="tests.test_spike_backend.TestJobsCreate" name="test_create_returns_exact_address_to_owner" time="0.649" /><testcase classname="tests.test_spike_backend.TestJobsCreate" name="test_customer_cannot_claim" time="0.255" /><testcase classname="tests.test_spike_backend.TestJobsCreate" name="test_available_jobs_hides_address" time="0.484" /><testcase classname="tests.test_spike_backend.TestAuth" name="test_me" time="0.744" /><testcase classname="tests.test_spike_backend.TestJobLifecycle" name="test_claim_book_lifecycle" time="0.874" /><testcase classname="tests.test_spike_backend.TestAuth" name="test_unauthenticated_jobs" time="0.074" /><testcase classname="tests.test_spike_backend.TestAdmin" name="test_admin_stats" time="0.381" /><testcase classname="tests.test_spike_backend.TestAdmin" name="test_admin_suspend" time="0.818" /><testcase classname="tests.test_spike_backend.TestJobLifecycle" name="test_evidence_required" time="1.699" /><testcase classname="tests.test_spike_backend.TestReviewsGuard" name="test_review_before_completion_400" time="0.149" /><testcase classname="tests.test_spike_backend.TestMessages" name="test_off_platform_flag" time="0.408" /><testcase classname="tests.test_spike_backend.TestConfig" name="test_config" time="0.072" /><testcase classname="tests.test_spike_backend.TestDispute" name="test_open_dispute" time="0.241" /></testsuite></testsuites>