<?xml version="1.0" encoding="utf-8"?><testsuites name="pytest tests"><testsuite name="pytest" errors="0" failures="0" skipped="0" tests="16" time="4.224" timestamp="2026-09-06T07:25:14.133956+00:00" hostname="agent-env-d90a8815-4910-477f-873e-240b1c76e2ea"><testcase classname="tests.test_iteration2.TestChatRules" name="test_message_blocked_before_claim" time="0.836" /><testcase classname="tests.test_iteration2.TestChatRules" name="test_chat_status_before_claim" time="0.203" /><testcase classname="tests.test_iteration2.TestContactInfoFilter" name="test_contact_info_rejected[Call me at 555-123-4567]" time="1.330" /><testcase classname="tests.test_iteration2.TestContactInfoFilter" name="test_contact_info_rejected[my number is 5551234567]" time="0.086" /><testcase classname="tests.test_iteration2.TestChatRules" name="test_message_blocked_after_claim_before_release" time="0.549" /><testcase classname="tests.test_iteration2.TestContactInfoFilter" name="test_contact_info_rejected[reach me test@example.com]" time="0.035" /><testcase classname="tests.test_iteration2.TestContactInfoFilter" name="test_contact_info_rejected[come by 123 Main Street tomorrow]" time="0.081" /><testcase classname="tests.test_iteration2.TestContactInfoFilter" name="test_allowed_text_ok" time="0.046" /><testcase classname="tests.test_iteration2.TestStripeConnect" name="test_onboard_returns_url" time="0.263" /><testcase classname="tests.test_iteration2.TestChatRules" name="test_emergency_unlocks_chat_immediately" time="0.270" /><testcase classname="tests.test_iteration2.TestStripeConnect" name="test_status_returns_connected_flags" time="0.083" /><testcase classname="tests.test_iteration2.TestJobPhotos" name="test_customer_adds_post_photo" time="0.349" /><testcase classname="tests.test_iteration2.TestAuthCaptchaFlex" name="test_hold_captcha_token_accepted" time="0.322" /><testcase classname="tests.test_iteration2.TestJobPhotos" name="test_before_photo_gates_start" time="0.724" /><testcase classname="tests.test_iteration2.TestCommissionPrivacyAndLifecycle" name="test_full_lifecycle_and_payout_math" time="1.632" /><testcase classname="tests.test_iteration2.TestUpload" name="test_upload_returns_path_url_storage" time="0.361" /></testsuite></testsuites>