<?xml version="1.0" encoding="utf-8"?><testsuites name="pytest tests"><testsuite name="pytest" errors="0" failures="0" skipped="0" tests="33" time="6.794" timestamp="2026-09-06T07:25:52.086696+00:00" hostname="agent-env-d90a8815-4910-477f-873e-240b1c76e2ea"><testcase classname="tests.test_spike_backend.TestAuth" name="test_login_success" time="0.593" /><testcase classname="tests.test_spike_backend.TestAuth" name="test_login_missing_captcha" time="0.264" /><testcase classname="tests.test_spike_backend.TestAuth" name="test_login_short_captcha" time="0.070" /><testcase classname="tests.test_spike_backend.TestAuth" name="test_register_new_user" time="0.274" /><testcase classname="tests.test_iteration2.TestContactInfoFilter" name="test_contact_info_rejected[Call me at 555-123-4567]" time="1.497" /><testcase classname="tests.test_spike_backend.TestAuth" name="test_me" time="0.363" /><testcase classname="tests.test_iteration2.TestContactInfoFilter" name="test_contact_info_rejected[my number is 5551234567]" time="0.035" /><testcase classname="tests.test_iteration2.TestContactInfoFilter" name="test_contact_info_rejected[reach me test@example.com]" time="0.079" /><testcase classname="tests.test_spike_backend.TestAuth" name="test_unauthenticated_jobs" time="0.067" /><testcase classname="tests.test_iteration2.TestContactInfoFilter" name="test_contact_info_rejected[come by 123 Main Street tomorrow]" time="0.074" /><testcase classname="tests.test_iteration2.TestChatRules" name="test_message_blocked_before_claim" time="0.165" /><testcase classname="tests.test_iteration2.TestContactInfoFilter" name="test_allowed_text_ok" time="0.076" /><testcase classname="tests.test_spike_backend.TestJobsCreate" name="test_create_returns_exact_address_to_owner" time="0.036" /><testcase classname="tests.test_spike_backend.TestJobsCreate" name="test_customer_cannot_claim" time="0.037" /><testcase classname="tests.test_iteration2.TestChatRules" name="test_chat_status_before_claim" time="0.144" /><testcase classname="tests.test_spike_backend.TestJobsCreate" name="test_available_jobs_hides_address" time="0.043" /><testcase classname="tests.test_spike_backend.TestJobLifecycle" name="test_claim_book_lifecycle" time="0.776" /><testcase classname="tests.test_iteration2.TestChatRules" name="test_message_blocked_after_claim_before_release" time="0.741" /><testcase classname="tests.test_spike_backend.TestJobLifecycle" name="test_evidence_required" time="1.098" /><testcase classname="tests.test_iteration2.TestChatRules" name="test_emergency_unlocks_chat_immediately" time="0.282" /><testcase classname="tests.test_iteration2.TestJobPhotos" name="test_customer_adds_post_photo" time="0.192" /><testcase classname="tests.test_iteration2.TestJobPhotos" name="test_before_photo_gates_start" time="0.539" /><testcase classname="tests.test_iteration2.TestStripeConnect" name="test_onboard_returns_url" time="0.056" /><testcase classname="tests.test_iteration2.TestStripeConnect" name="test_status_returns_connected_flags" time="0.297" /><testcase classname="tests.test_spike_backend.TestAdmin" name="test_admin_stats" time="0.376" /><testcase classname="tests.test_spike_backend.TestConfig" name="test_config" time="0.069" /><testcase classname="tests.test_spike_backend.TestAdmin" name="test_admin_suspend" time="0.715" /><testcase classname="tests.test_spike_backend.TestMessages" name="test_chat_locked_until_release" time="0.354" /><testcase classname="tests.test_spike_backend.TestDispute" name="test_open_dispute" time="0.093" /><testcase classname="tests.test_iteration2.TestAuthCaptchaFlex" name="test_hold_captcha_token_accepted" time="0.453" /><testcase classname="tests.test_spike_backend.TestReviewsGuard" name="test_review_before_completion_400" time="0.183" /><testcase classname="tests.test_iteration2.TestUpload" name="test_upload_returns_path_url_storage" time="0.357" /><testcase classname="tests.test_iteration2.TestCommissionPrivacyAndLifecycle" name="test_full_lifecycle_and_payout_math" time="1.437" /></testsuite></testsuites>