<?xml version="1.0" encoding="utf-8"?><testsuites name="pytest tests"><testsuite name="pytest" errors="0" failures="1" skipped="0" tests="37" time="8.361" timestamp="2026-09-06T08:12:52.160552+00:00" hostname="agent-env-d90a8815-4910-477f-873e-240b1c76e2ea"><testcase classname="tests.test_spike_backend.TestAuth" name="test_login_success" time="0.540" /><testcase classname="tests.test_iteration3.TestSupport" name="test_user_send_and_list" time="0.615" /><testcase classname="tests.test_spike_backend.TestAuth" name="test_login_missing_captcha" time="0.329" /><testcase classname="tests.test_spike_backend.TestAuth" name="test_login_short_captcha" time="0.042" /><testcase classname="tests.test_iteration3.TestSupport" name="test_admin_lists_conversations" time="0.619" /><testcase classname="tests.test_spike_backend.TestAuth" name="test_register_new_user" time="0.355" /><testcase classname="tests.test_iteration3.TestSupport" name="test_admin_get_user_thread_and_reply" time="0.396" /><testcase classname="tests.test_spike_backend.TestAuth" name="test_me" time="0.379" /><testcase classname="tests.test_spike_backend.TestAuth" name="test_unauthenticated_jobs" time="0.275" /><testcase classname="tests.test_iteration3.TestSupport" name="test_non_admin_cannot_access_admin_support" time="0.442" /><testcase classname="tests.test_iteration3.TestPrivacyArea" name="test_new_job_has_privacy_radius_and_approx_location" time="0.190" /><testcase classname="tests.test_iteration3.TestSeedCleanup" name="test_handyman_no_fake_stats[mike@spike.app]" time="0.033" /><testcase classname="tests.test_iteration3.TestSeedCleanup" name="test_handyman_no_fake_stats[sarah@spike.app]" time="0.030" /><testcase classname="tests.test_iteration3.TestSeedCleanup" name="test_handyman_no_fake_stats[alex@spike.app]" time="0.236" /><testcase classname="tests.test_iteration3.TestSeedCleanup" name="test_no_auto_generated_jobs_on_startup" time="0.029" /><testcase classname="tests.test_iteration3.TestDemoLogins" name="test_login[jane@spike.app-Demo@123]" time="0.291" /><testcase classname="tests.test_iteration3.TestPrivacyArea" name="test_non_owner_handyman_sees_no_exact_address" time="0.660" /><testcase classname="tests.test_iteration3.TestDemoLogins" name="test_login[mike@spike.app-Demo@123]" time="0.295" /><testcase classname="tests.test_iteration3.TestPrivacyArea" name="test_owner_sees_exact_address" time="0.511" /><testcase classname="tests.test_iteration3.TestDemoLogins" name="test_login[admin@spike.app-Admin@123]" time="0.289" /><testcase classname="tests.test_iteration3.TestAdminUserMgmt" name="test_admin_creates_new_admin_and_it_can_login" time="1.052" /><testcase classname="tests.test_spike_backend.TestJobsCreate" name="test_create_returns_exact_address_to_owner" time="0.327" /><testcase classname="tests.test_spike_backend.TestJobsCreate" name="test_customer_cannot_claim" time="0.291" /><testcase classname="tests.test_spike_backend.TestJobsCreate" name="test_available_jobs_hides_address" time="0.038"><failure message="AssertionError: assert False&#10; +  where False = &lt;built-in method endswith of str object at 0xfc704a39dbb0&gt;('**')&#10; +    where &lt;built-in method endswith of str object at 0xfc704a39dbb0&gt; = '92105'.endswith&#10; +      where '92105' = &lt;built-in method get of dict object at 0xfc704a37bcc0&gt;('zip_area', '')&#10; +        where &lt;built-in method get of dict object at 0xfc704a37bcc0&gt; = {'job_id': 'job_1329bf18ae7e4c40', 'customer_id': 'u_c52f3e6e10a94d05', 'title': 'TEST Mount 65in TV', 'category': 'tv_mounting', ...}.get">test_spike_backend.py:117: in test_available_jobs_hides_address
    assert found.get("zip_area", "").endswith("**")
E   AssertionError: assert False
E    +  where False = &lt;built-in method endswith of str object at 0xfc704a39dbb0&gt;('**')
E    +    where &lt;built-in method endswith of str object at 0xfc704a39dbb0&gt; = '92105'.endswith
E    +      where '92105' = &lt;built-in method get of dict object at 0xfc704a37bcc0&gt;('zip_area', '')
E    +        where &lt;built-in method get of dict object at 0xfc704a37bcc0&gt; = {'job_id': 'job_1329bf18ae7e4c40', 'customer_id': 'u_c52f3e6e10a94d05', 'title': 'TEST Mount 65in TV', 'category': 'tv_mounting', ...}.get</failure></testcase><testcase classname="tests.test_iteration3.TestMyJobsBugFix" name="test_customer_scope_mine_returns_own_jobs" time="0.306" /><testcase classname="tests.test_iteration3.TestMyJobsBugFix" name="test_handyman_scope_mine_returns_claimed_jobs" time="0.746" /><testcase classname="tests.test_iteration3.TestAdminUserMgmt" name="test_promote_customer_to_admin" time="0.965" /><testcase classname="tests.test_iteration3.TestAdminUserMgmt" name="test_non_admin_cannot_promote_or_create" time="0.625" /><testcase classname="tests.test_spike_backend.TestJobLifecycle" name="test_claim_book_lifecycle" time="1.482" /><testcase classname="tests.test_spike_backend.TestAdmin" name="test_admin_stats" time="0.085" /><testcase classname="tests.test_spike_backend.TestAdmin" name="test_admin_suspend" time="0.770" /><testcase classname="tests.test_spike_backend.TestJobLifecycle" name="test_evidence_required" time="1.302" /><testcase classname="tests.test_spike_backend.TestConfig" name="test_config" time="0.035" /><testcase classname="tests.test_spike_backend.TestReviewsGuard" name="test_review_before_completion_400" time="0.163" /><testcase classname="tests.test_spike_backend.TestDispute" name="test_open_dispute" time="0.235" /><testcase classname="tests.test_iteration3.TestCommissionHidden" name="test_payments_mine_customer_no_commission" time="0.072" /><testcase classname="tests.test_spike_backend.TestMessages" name="test_chat_locked_until_release" time="0.179" /></testsuite></testsuites>